Determining if the pthread_create exist failed with the following output:
Change Dir: /home/siegbahn/gitprojects/MA/Cellformation/cmake-build-debug/CMakeFiles/CMakeTmp

Run Build Command:"/usr/bin/make" "cmTC_138fb/fast"
/usr/bin/make -f CMakeFiles/cmTC_138fb.dir/build.make CMakeFiles/cmTC_138fb.dir/build
make[1]: Entering directory '/home/siegbahn/gitprojects/MA/Cellformation/cmake-build-debug/CMakeFiles/CMakeTmp'
Building C object CMakeFiles/cmTC_138fb.dir/CheckSymbolExists.c.o
/usr/bin/cc     -o CMakeFiles/cmTC_138fb.dir/CheckSymbolExists.c.o   -c /home/siegbahn/gitprojects/MA/Cellformation/cmake-build-debug/CMakeFiles/CMakeTmp/CheckSymbolExists.c
Linking C executable cmTC_138fb
/home/siegbahn/clion-2017.1.2/bin/cmake/bin/cmake -E cmake_link_script CMakeFiles/cmTC_138fb.dir/link.txt --verbose=1
/usr/bin/cc       CMakeFiles/cmTC_138fb.dir/CheckSymbolExists.c.o  -o cmTC_138fb 
CMakeFiles/cmTC_138fb.dir/CheckSymbolExists.c.o:CheckSymbolExists.c:function main: error: undefined reference to 'pthread_create'
collect2: error: ld returned 1 exit status
CMakeFiles/cmTC_138fb.dir/build.make:97: recipe for target 'cmTC_138fb' failed
make[1]: *** [cmTC_138fb] Error 1
make[1]: Leaving directory '/home/siegbahn/gitprojects/MA/Cellformation/cmake-build-debug/CMakeFiles/CMakeTmp'
Makefile:126: recipe for target 'cmTC_138fb/fast' failed
make: *** [cmTC_138fb/fast] Error 2

File /home/siegbahn/gitprojects/MA/Cellformation/cmake-build-debug/CMakeFiles/CMakeTmp/CheckSymbolExists.c:
/* */
#include <pthread.h>

int main(int argc, char** argv)
{
  (void)argv;
#ifndef pthread_create
  return ((int*)(&pthread_create))[argc];
#else
  (void)argc;
  return 0;
#endif
}

Determining if the function pthread_create exists in the pthreads failed with the following output:
Change Dir: /home/siegbahn/gitprojects/MA/Cellformation/cmake-build-debug/CMakeFiles/CMakeTmp

Run Build Command:"/usr/bin/make" "cmTC_8c2d3/fast"
/usr/bin/make -f CMakeFiles/cmTC_8c2d3.dir/build.make CMakeFiles/cmTC_8c2d3.dir/build
make[1]: Entering directory '/home/siegbahn/gitprojects/MA/Cellformation/cmake-build-debug/CMakeFiles/CMakeTmp'
Building C object CMakeFiles/cmTC_8c2d3.dir/CheckFunctionExists.c.o
/usr/bin/cc    -DCHECK_FUNCTION_EXISTS=pthread_create   -o CMakeFiles/cmTC_8c2d3.dir/CheckFunctionExists.c.o   -c /home/siegbahn/clion-2017.1.2/bin/cmake/share/cmake-3.7/Modules/CheckFunctionExists.c
Linking C executable cmTC_8c2d3
/home/siegbahn/clion-2017.1.2/bin/cmake/bin/cmake -E cmake_link_script CMakeFiles/cmTC_8c2d3.dir/link.txt --verbose=1
/usr/bin/cc   -DCHECK_FUNCTION_EXISTS=pthread_create    CMakeFiles/cmTC_8c2d3.dir/CheckFunctionExists.c.o  -o cmTC_8c2d3 -lpthreads 
/usr/bin/ld: error: cannot find -lpthreads
CMakeFiles/cmTC_8c2d3.dir/CheckFunctionExists.c.o:CheckFunctionExists.c:function main: error: undefined reference to 'pthread_create'
collect2: error: ld returned 1 exit status
CMakeFiles/cmTC_8c2d3.dir/build.make:97: recipe for target 'cmTC_8c2d3' failed
make[1]: *** [cmTC_8c2d3] Error 1
make[1]: Leaving directory '/home/siegbahn/gitprojects/MA/Cellformation/cmake-build-debug/CMakeFiles/CMakeTmp'
Makefile:126: recipe for target 'cmTC_8c2d3/fast' failed
make: *** [cmTC_8c2d3/fast] Error 2


